0 info it worked if it ends with ok
1 verbose cli [ '/usr/local/bin/node',
1 verbose cli   '/usr/local/bin/npm',
1 verbose cli   'install',
1 verbose cli   'node-sass',
1 verbose cli   '-g' ]
2 info using npm@2.14.7
3 info using node@v4.2.1
4 verbose install initial load of /usr/local/lib/package.json
5 verbose readDependencies loading dependencies from /usr/local/lib/package.json
6 silly cache add args [ 'node-sass', null ]
7 verbose cache add spec node-sass
8 silly cache add parsed spec Result {
8 silly cache add   raw: 'node-sass',
8 silly cache add   scope: null,
8 silly cache add   name: 'node-sass',
8 silly cache add   rawSpec: '',
8 silly cache add   spec: '*',
8 silly cache add   type: 'range' }
9 silly addNamed node-sass@*
10 verbose addNamed "*" is a valid semver range for node-sass
11 silly addNameRange { name: 'node-sass', range: '*', hasData: false }
12 silly mapToRegistry name node-sass
13 silly mapToRegistry using default registry
14 silly mapToRegistry registry https://registry.npmjs.org/
15 silly mapToRegistry uri https://registry.npmjs.org/node-sass
16 verbose addNameRange registry:https://registry.npmjs.org/node-sass not in flight; fetching
17 verbose request uri https://registry.npmjs.org/node-sass
18 verbose request no auth needed
19 info attempt registry request try #1 at 3:18:58 PM
20 verbose request id f4a235ed45f32a18
21 http request GET https://registry.npmjs.org/node-sass
22 http 200 https://registry.npmjs.org/node-sass
23 verbose headers { server: 'CouchDB/1.5.0 (Erlang OTP/R16B03)',
23 verbose headers   etag: '"4QIS8A6P2D2PBK7JK72IA2HN8"',
23 verbose headers   'content-type': 'application/json',
23 verbose headers   'cache-control': 'max-age=60',
23 verbose headers   'content-length': '150022',
23 verbose headers   'accept-ranges': 'bytes',
23 verbose headers   date: 'Thu, 22 Oct 2015 09:19:00 GMT',
23 verbose headers   via: '1.1 varnish',
23 verbose headers   age: '18',
23 verbose headers   connection: 'keep-alive',
23 verbose headers   'x-served-by': 'cache-sin6927-SIN',
23 verbose headers   'x-cache': 'HIT',
23 verbose headers   'x-cache-hits': '1',
23 verbose headers   'x-timer': 'S1445505540.396120,VS0,VE0',
23 verbose headers   vary: 'Accept' }
24 silly get cb [ 200,
24 silly get   { server: 'CouchDB/1.5.0 (Erlang OTP/R16B03)',
24 silly get     etag: '"4QIS8A6P2D2PBK7JK72IA2HN8"',
24 silly get     'content-type': 'application/json',
24 silly get     'cache-control': 'max-age=60',
24 silly get     'content-length': '150022',
24 silly get     'accept-ranges': 'bytes',
24 silly get     date: 'Thu, 22 Oct 2015 09:19:00 GMT',
24 silly get     via: '1.1 varnish',
24 silly get     age: '18',
24 silly get     connection: 'keep-alive',
24 silly get     'x-served-by': 'cache-sin6927-SIN',
24 silly get     'x-cache': 'HIT',
24 silly get     'x-cache-hits': '1',
24 silly get     'x-timer': 'S1445505540.396120,VS0,VE0',
24 silly get     vary: 'Accept' } ]
25 verbose get saving node-sass to /Users/mrahman/.npm/registry.npmjs.org/node-sass/.cache.json
26 silly addNameRange number 2 { name: 'node-sass', range: '*', hasData: true }
27 silly addNameRange versions [ 'node-sass',
27 silly addNameRange   [ '0.2.0',
27 silly addNameRange     '0.2.1',
27 silly addNameRange     '0.2.2',
27 silly addNameRange     '0.2.3',
27 silly addNameRange     '0.2.4',
27 silly addNameRange     '0.2.5',
27 silly addNameRange     '0.2.6',
27 silly addNameRange     '0.3.0',
27 silly addNameRange     '0.4.0',
27 silly addNameRange     '0.4.1',
27 silly addNameRange     '0.4.2',
27 silly addNameRange     '0.4.3',
27 silly addNameRange     '0.4.4',
27 silly addNameRange     '0.5.0',
27 silly addNameRange     '0.5.1',
27 silly addNameRange     '0.5.2',
27 silly addNameRange     '0.5.3',
27 silly addNameRange     '0.5.4',
27 silly addNameRange     '0.6.0',
27 silly addNameRange     '0.6.1',
27 silly addNameRange     '0.6.2',
27 silly addNameRange     '0.6.3',
27 silly addNameRange     '0.6.4',
27 silly addNameRange     '0.6.5',
27 silly addNameRange     '0.6.6',
27 silly addNameRange     '0.6.7',
27 silly addNameRange     '0.7.0-alpha',
27 silly addNameRange     '0.7.0',
27 silly addNameRange     '0.8.0',
27 silly addNameRange     '0.8.1',
27 silly addNameRange     '0.8.2',
27 silly addNameRange     '0.8.3',
27 silly addNameRange     '0.8.4',
27 silly addNameRange     '0.8.5',
27 silly addNameRange     '0.8.6',
27 silly addNameRange     '0.9.0',
27 silly addNameRange     '0.9.1',
27 silly addNameRange     '0.9.2',
27 silly addNameRange     '0.9.3',
27 silly addNameRange     '0.9.4-rc1',
27 silly addNameRange     '0.9.4',
27 silly addNameRange     '0.9.5-rc1',
27 silly addNameRange     '0.9.5',
27 silly addNameRange     '0.9.6',
27 silly addNameRange     '1.0.0',
27 silly addNameRange     '1.0.1',
27 silly addNameRange     '1.0.2-alpha',
27 silly addNameRange     '1.0.2',
27 silly addNameRange     '1.0.3',
27 silly addNameRange     '1.1.0',
27 silly addNameRange     '1.1.1',
27 silly addNameRange     '1.1.2',
27 silly addNameRange     '1.1.3',
27 silly addNameRange     '1.1.4',
27 silly addNameRange     '1.2.0',
27 silly addNameRange     '1.2.1',
27 silly addNameRange     '1.2.2',
27 silly addNameRange     '1.2.3',
27 silly addNameRange     '2.0.0-beta',
27 silly addNameRange     '2.0.0',
27 silly addNameRange     '2.0.1',
27 silly addNameRange     '3.0.0-alpha.0',
27 silly addNameRange     '3.0.0-beta.2',
27 silly addNameRange     '3.0.0-beta.3',
27 silly addNameRange     '3.0.0-beta.4',
27 silly addNameRange     '2.1.0',
27 silly addNameRange     '2.1.1',
27 silly addNameRange     '3.0.0-beta.5',
27 silly addNameRange     '3.0.0-beta.7',
27 silly addNameRange     '3.0.0',
27 silly addNameRange     '3.1.0',
27 silly addNameRange     '3.1.1',
27 silly addNameRange     '3.1.2',
27 silly addNameRange     '3.2.0',
27 silly addNameRange     '3.3.0',
27 silly addNameRange     '3.3.1',
27 silly addNameRange     '3.3.2',
27 silly addNameRange     '3.3.3',
27 silly addNameRange     '3.4.0-beta1',
27 silly addNameRange     '3.4.0-beta.2' ] ]
28 silly addNamed node-sass@3.3.3
29 verbose addNamed "3.3.3" is a plain semver version for node-sass
30 silly mapToRegistry name node-sass
31 silly mapToRegistry using default registry
32 silly mapToRegistry registry https://registry.npmjs.org/
33 silly mapToRegistry uri https://registry.npmjs.org/node-sass
34 verbose addRemoteTarball https://registry.npmjs.org/node-sass/-/node-sass-3.3.3.tgz not in flight; adding
35 verbose addRemoteTarball [ 'https://registry.npmjs.org/node-sass/-/node-sass-3.3.3.tgz',
35 verbose addRemoteTarball   '620fe2e3149993405ec1b517f8487b6e643b228a' ]
36 info retry fetch attempt 1 at 3:19:02 PM
37 info attempt registry request try #1 at 3:19:02 PM
38 http fetch GET https://registry.npmjs.org/node-sass/-/node-sass-3.3.3.tgz
39 http fetch 200 https://registry.npmjs.org/node-sass/-/node-sass-3.3.3.tgz
40 silly fetchAndShaCheck shasum 620fe2e3149993405ec1b517f8487b6e643b228a
41 verbose addTmpTarball /var/folders/15/8m_kxl1j4znfgssvcwb9trp00000gn/T/npm-17740-3775bdd0/registry.npmjs.org/node-sass/-/node-sass-3.3.3.tgz not in flight; adding
42 verbose addTmpTarball already have metadata; skipping unpack for node-sass@3.3.3
43 silly cache afterAdd node-sass@3.3.3
44 verbose afterAdd /Users/mrahman/.npm/node-sass/3.3.3/package/package.json not in flight; writing
45 verbose afterAdd /Users/mrahman/.npm/node-sass/3.3.3/package/package.json written
46 silly install resolved [ { name: 'node-sass',
46 silly install resolved     version: '3.3.3',
46 silly install resolved     libsass: '3.2.5',
46 silly install resolved     description: 'Wrapper around libsass',
46 silly install resolved     license: 'MIT',
46 silly install resolved     homepage: 'https://github.com/sass/node-sass',
46 silly install resolved     repository:
46 silly install resolved      { type: 'git',
46 silly install resolved        url: 'git+https://github.com/sass/node-sass.git' },
46 silly install resolved     author:
46 silly install resolved      { name: 'Andrew Nesbitt',
46 silly install resolved        email: 'andrewnez@gmail.com',
46 silly install resolved        url: 'http://andrew.github.com' },
46 silly install resolved     engines: { node: '>=0.10.0' },
46 silly install resolved     main: 'lib/index.js',
46 silly install resolved     nodeSassConfig: { binarySite: 'https://github.com/sass/node-sass/releases/download' },
46 silly install resolved     bin: { 'node-sass': 'bin/node-sass' },
46 silly install resolved     gypfile: true,
46 silly install resolved     scripts:
46 silly install resolved      { coverage: 'node scripts/coverage.js',
46 silly install resolved        install: 'node scripts/install.js',
46 silly install resolved        postinstall: 'node scripts/build.js',
46 silly install resolved        pretest: 'jshint bin lib scripts test',
46 silly install resolved        test: 'mocha test' },
46 silly install resolved     files: [ 'bin', 'binding.gyp', 'lib', 'scripts', 'src' ],
46 silly install resolved     keywords: [ 'css', 'libsass', 'preprocessor', 'sass', 'scss', 'style' ],
46 silly install resolved     dependencies:
46 silly install resolved      { 'async-foreach': '^0.1.3',
46 silly install resolved        chalk: '^1.1.1',
46 silly install resolved        'cross-spawn': '^2.0.0',
46 silly install resolved        gaze: '^0.5.1',
46 silly install resolved        'get-stdin': '^4.0.1',
46 silly install resolved        glob: '^5.0.14',
46 silly install resolved        meow: '^3.3.0',
46 silly install resolved        mkdirp: '^0.5.1',
46 silly install resolved        nan: '^2.0.8',
46 silly install resolved        npmconf: '^2.1.2',
46 silly install resolved        'node-gyp': '^3.0.1',
46 silly install resolved        request: '^2.61.0',
46 silly install resolved        'sass-graph': '^2.0.1' },
46 silly install resolved     devDependencies:
46 silly install resolved      { coveralls: '^2.11.4',
46 silly install resolved        istanbul: '^0.3.18',
46 silly install resolved        jshint: '^2.8.0',
46 silly install resolved        mocha: '^2.2.5',
46 silly install resolved        'mocha-lcov-reporter': '^0.0.2',
46 silly install resolved        rimraf: '^2.4.2' },
46 silly install resolved     gitHead: 'd62f59f4a051b6d538e20f66a5d1ebcf21538ded',
46 silly install resolved     bugs: { url: 'https://github.com/sass/node-sass/issues' },
46 silly install resolved     _id: 'node-sass@3.3.3',
46 silly install resolved     _shasum: '620fe2e3149993405ec1b517f8487b6e643b228a',
46 silly install resolved     _from: 'node-sass@*',
46 silly install resolved     _npmVersion: '2.13.5',
46 silly install resolved     _nodeVersion: '4.0.0-pre',
46 silly install resolved     _npmUser: { name: 'saperski', email: 'npm@saper.info' },
46 silly install resolved     dist:
46 silly install resolved      { shasum: '620fe2e3149993405ec1b517f8487b6e643b228a',
46 silly install resolved        tarball: 'http://registry.npmjs.org/node-sass/-/node-sass-3.3.3.tgz' },
46 silly install resolved     maintainers:
46 silly install resolved      [ [Object],
46 silly install resolved        [Object],
46 silly install resolved        [Object],
46 silly install resolved        [Object],
46 silly install resolved        [Object],
46 silly install resolved        [Object],
46 silly install resolved        [Object] ],
46 silly install resolved     directories: {},
46 silly install resolved     _resolved: 'https://registry.npmjs.org/node-sass/-/node-sass-3.3.3.tgz' } ]
47 info install node-sass@3.3.3 into /usr/local/lib
48 info installOne node-sass@3.3.3
49 verbose installOne of node-sass to /usr/local/lib not in flight; installing
50 verbose lock using /Users/mrahman/.npm/_locks/node-sass-42055b1ce46574a3.lock for /usr/local/lib/node_modules/node-sass
51 silly install write writing node-sass 3.3.3 to /usr/local/lib/node_modules/node-sass
52 verbose unbuild lib/node_modules/node-sass
53 silly gentlyRm /usr/local/lib/node_modules/node-sass is being purged from base /usr/local
54 verbose gentlyRm don't care about contents; nuking /usr/local/lib/node_modules/node-sass
55 verbose tar unpack /Users/mrahman/.npm/node-sass/3.3.3/package.tgz
56 verbose tar unpacking to /usr/local/lib/node_modules/node-sass
57 silly gentlyRm /usr/local/lib/node_modules/node-sass is being purged
58 verbose gentlyRm don't care about contents; nuking /usr/local/lib/node_modules/node-sass
59 silly gunzTarPerm modes [ '755', '644' ]
60 error tar.unpack untar error /Users/mrahman/.npm/node-sass/3.3.3/package.tgz
61 verbose unlock done using /Users/mrahman/.npm/_locks/node-sass-42055b1ce46574a3.lock for /usr/local/lib/node_modules/node-sass
62 verbose fstream_path /usr/local/lib/node_modules/node-sass
63 verbose fstream_type Directory
64 verbose fstream_class DirWriter
65 verbose stack Error: EACCES: permission denied, mkdir '/usr/local/lib/node_modules/node-sass'
65 verbose stack     at Error (native)
66 verbose fstream_stack /usr/local/lib/node_modules/npm/node_modules/fstream/lib/dir-writer.js:35:25
66 verbose fstream_stack /usr/local/lib/node_modules/npm/node_modules/mkdirp/index.js:47:53
66 verbose fstream_stack FSReqWrap.oncomplete (fs.js:82:15)
67 verbose cwd /Volumes/Titanium/meteor/assignment
68 error Darwin 15.0.0
69 error argv "/usr/local/bin/node" "/usr/local/bin/npm" "install" "node-sass" "-g"
70 error node v4.2.1
71 error npm  v2.14.7
72 error path /usr/local/lib/node_modules/node-sass
73 error code EACCES
74 error errno -13
75 error syscall mkdir
76 error Error: EACCES: permission denied, mkdir '/usr/local/lib/node_modules/node-sass'
76 error     at Error (native)
76 error  { [Error: EACCES: permission denied, mkdir '/usr/local/lib/node_modules/node-sass']
76 error   errno: -13,
76 error   code: 'EACCES',
76 error   syscall: 'mkdir',
76 error   path: '/usr/local/lib/node_modules/node-sass',
76 error   fstream_type: 'Directory',
76 error   fstream_path: '/usr/local/lib/node_modules/node-sass',
76 error   fstream_class: 'DirWriter',
76 error   fstream_stack:
76 error    [ '/usr/local/lib/node_modules/npm/node_modules/fstream/lib/dir-writer.js:35:25',
76 error      '/usr/local/lib/node_modules/npm/node_modules/mkdirp/index.js:47:53',
76 error      'FSReqWrap.oncomplete (fs.js:82:15)' ] }
77 error Please try running this command again as root/Administrator.
78 verbose exit [ -13, true ]
79 verbose unbuild lib/node_modules/node-sass
80 silly gentlyRm /usr/local/lib/node_modules/node-sass is being purged from base /usr/local
81 verbose gentlyRm don't care about contents; nuking /usr/local/lib/node_modules/node-sass
